<?xml version="1.0" encoding="UTF-8"?>
<!-- Generated by org.testng.reporters.JUnitXMLReporter -->
<testsuite ignored="0" hostname="LAPTOP-7CQPOEEU" failures="1" tests="3" name="Test" time="168.208" errors="0" timestamp="2024-10-10T15:22:28 IST">
  <testcase classname="com.weconnect.TestCases.TC001_LoginPageTest" name="verifyLogin" time="37.306"/>
  <testcase classname="com.weconnect.TestCases.TC001_LoginPageTest" name="verifyLogin" time="87.678">
    <failure type="java.lang.AssertionError" message="null">
      <![CDATA[java.lang.AssertionError: null
at com.weconnect.TestCases.TC001_LoginPageTest.verifyLogin(TC001_LoginPageTest.java:63)
at java.base/java.util.ArrayList.forEach(ArrayList.java:1511)
... Removed 29 stack frames]]>
    </failure>
  </testcase> <!-- verifyLogin -->
  <testcase classname="com.weconnect.TestCases.TC001_LoginPageTest" name="verifyLogin" time="32.162"/>
</testsuite> <!-- Test -->
